<?xml version="1.0" encoding="UTF-8"?>
<testng-results skipped="0" failed="0" total="1" passed="1">
  <reporter-output>
    <line>
      <![CDATA[<div "featureFile">Feature File: example.feature</div>]]>
    </line>
    <line>
      <![CDATA[<div "feature">Feature: To Test Cucumber</div>]]>
    </line>
    <line>
      <![CDATA[<div "scenario">Scenario: To Start Cucumber</div>]]>
    </line>
    <line>
      <![CDATA[<div "result">Given  I Open URL (passed : 11s)</div>]]>
    </line>
    <line>
      <![CDATA[<div "result">And  I Navigate To Downloads (passed : 3s)</div>]]>
    </line>
  </reporter-output>
  <suite name="BPM Firefox" duration-ms="23690" started-at="2017-05-14T17:51:34Z" finished-at="2017-05-14T17:51:58Z">
    <groups>
      <group name="cucumber">
        <method signature="AbstractTestNGCucumberTests.run_cukes()[pri:0, instance:com.bpm.runner.TestRunner@7085bdee]" name="run_cukes" class="cucumber.api.testng.AbstractTestNGCucumberTests"/>
      </group> <!-- cucumber -->
    </groups>
    <test name="To Test Cucumber" duration-ms="23690" started-at="2017-05-14T17:51:34Z" finished-at="2017-05-14T17:51:58Z">
      <class name="com.bpm.runner.TestRunner">
        <test-method status="PASS" signature="run_cukes()[pri:0, instance:com.bpm.runner.TestRunner@7085bdee]" name="run_cukes" duration-ms="23644" started-at="2017-05-14T23:21:34Z" description="Runs Cucumber Features" finished-at="2017-05-14T23:21:58Z">
          <reporter-output>
            <line>
              <![CDATA[<div "featureFile">Feature File: example.feature</div>]]>
            </line>
            <line>
              <![CDATA[<div "feature">Feature: To Test Cucumber</div>]]>
            </line>
            <line>
              <![CDATA[<div "scenario">Scenario: To Start Cucumber</div>]]>
            </line>
            <line>
              <![CDATA[<div "result">Given  I Open URL (passed : 11s)</div>]]>
            </line>
            <line>
              <![CDATA[<div "result">And  I Navigate To Downloads (passed : 3s)</div>]]>
            </line>
          </reporter-output>
        </test-method> <!-- run_cukes -->
      </class> <!-- com.bpm.runner.TestRunner -->
    </test> <!-- To Test Cucumber -->
  </suite> <!-- BPM Firefox -->
</testng-results>
